# JRE version: OpenJDK Runtime Environment Temurin-17.0.4.1+1 (17.0.4.1+1) (build 17.0.4.1+1)
# Java VM: OpenJDK 64-Bit Server VM Temurin-17.0.4.1+1 (17.0.4.1+1, mixed mode, tiered, compressed oops, compressed class ptrs, parallel gc, windows-amd64)
GC Precious Log:
 CPUs: 8 total, 8 available
 Memory: 16325M
 Large Page Support: Disabled
 NUMA Support: Disabled
 Compressed Oops: Enabled (32-bit)
 Alignments: Space 512K, Generation 512K, Heap 2M
 Heap Min Capacity: 100M
 Heap Initial Capacity: 100M
 Heap Max Capacity: 1G
 Pre-touch: Disabled
 Parallel Workers: 8
Heap:
 PSYoungGen      total 16896K, used 15170K [0x00000000eab00000, 0x00000000ebd80000, 0x0000000100000000)
  eden space 15872K, 93% used [0x00000000eab00000,0x00000000eb980b60,0x00000000eba80000)
  from space 1024K, 31% used [0x00000000ebb80000,0x00000000ebbd0000,0x00000000ebc80000)
  to   space 512K, 0% used [0x00000000ebd00000,0x00000000ebd00000,0x00000000ebd80000)
 ParOldGen       total 68608K, used 50856K [0x00000000c0000000, 0x00000000c4300000, 0x00000000eab00000)
  object space 68608K, 74% used [0x00000000c0000000,0x00000000c31aa280,0x00000000c4300000)
 Metaspace       used 59711K, committed 60544K, reserved 1105920K
  class space    used 7302K, committed 7680K, reserved 1048576K
GC Heap History (20 events):
Event: 51.304 GC heap before
{Heap before GC invocations=25 (full 2):
 PSYoungGen      total 19968K, used 6777K [0x00000000eab00000, 0x00000000ec080000, 0x0000000100000000)
  eden space 19456K, 32% used [0x00000000eab00000,0x00000000eb11e5c0,0x00000000ebe00000)
  from space 512K, 100% used [0x00000000ec000000,0x00000000ec080000,0x00000000ec080000)
  to   space 1024K, 0% used [0x00000000ebe80000,0x00000000ebe80000,0x00000000ebf80000)
 ParOldGen       total 68608K, used 40041K [0x00000000c0000000, 0x00000000c4300000, 0x00000000eab00000)
  object space 68608K, 58% used [0x00000000c0000000,0x00000000c271a5c8,0x00000000c4300000)
 Metaspace       used 58932K, committed 59776K, reserved 1105920K
  class space    used 7224K, committed 7552K, reserved 1048576K
}
Event: 51.305 GC heap after
{Heap after GC invocations=25 (full 2):
 PSYoungGen      total 20480K, used 736K [0x00000000eab00000, 0x00000000ec080000, 0x0000000100000000)
  eden space 19456K, 0% used [0x00000000eab00000,0x00000000eab00000,0x00000000ebe00000)
  from space 1024K, 71% used [0x00000000ebe80000,0x00000000ebf38000,0x00000000ebf80000)
  to   space 1024K, 0% used [0x00000000ebf80000,0x00000000ebf80000,0x00000000ec080000)
 ParOldGen       total 68608K, used 40523K [0x00000000c0000000, 0x00000000c4300000, 0x00000000eab00000)
  object space 68608K, 59% used [0x00000000c0000000,0x00000000c2792db0,0x00000000c4300000)
 Metaspace       used 58932K, committed 59776K, reserved 1105920K
  class space    used 7224K, committed 7552K, reserved 1048576K
}
Event: 51.305 GC heap before
{Heap before GC invocations=26 (full 3):
 PSYoungGen      total 20480K, used 736K [0x00000000eab00000, 0x00000000ec080000, 0x0000000100000000)
  eden space 19456K, 0% used [0x00000000eab00000,0x00000000eab00000,0x00000000ebe00000)
  from space 1024K, 71% used [0x00000000ebe80000,0x00000000ebf38000,0x00000000ebf80000)
  to   space 1024K, 0% used [0x00000000ebf80000,0x00000000ebf80000,0x00000000ec080000)
 ParOldGen       total 68608K, used 40523K [0x00000000c0000000, 0x00000000c4300000, 0x00000000eab00000)
  object space 68608K, 59% used [0x00000000c0000000,0x00000000c2792db0,0x00000000c4300000)
 Metaspace       used 58932K, committed 59776K, reserved 1105920K
  class space    used 7224K, committed 7552K, reserved 1048576K
}
Event: 51.369 GC heap after
{Heap after GC invocations=26 (full 3):
 PSYoungGen      total 20480K, used 0K [0x00000000eab00000, 0x00000000ec080000, 0x0000000100000000)
  eden space 19456K, 0% used [0x00000000eab00000,0x00000000eab00000,0x00000000ebe00000)
  from space 1024K, 0% used [0x00000000ebe80000,0x00000000ebe80000,0x00000000ebf80000)
  to   space 1024K, 0% used [0x00000000ebf80000,0x00000000ebf80000,0x00000000ec080000)
 ParOldGen       total 68608K, used 39351K [0x00000000c0000000, 0x00000000c4300000, 0x00000000eab00000)
  object space 68608K, 57% used [0x00000000c0000000,0x00000000c266dc78,0x00000000c4300000)
 Metaspace       used 58932K, committed 59776K, reserved 1105920K
  class space    used 7224K, committed 7552K, reserved 1048576K
}
Event: 52.302 GC heap before
{Heap before GC invocations=27 (full 3):
 PSYoungGen      total 20480K, used 19456K [0x00000000eab00000, 0x00000000ec080000, 0x0000000100000000)
  eden space 19456K, 100% used [0x00000000eab00000,0x00000000ebe00000,0x00000000ebe00000)
  from space 1024K, 0% used [0x00000000ebe80000,0x00000000ebe80000,0x00000000ebf80000)
  to   space 1024K, 0% used [0x00000000ebf80000,0x00000000ebf80000,0x00000000ec080000)
 ParOldGen       total 68608K, used 39351K [0x00000000c0000000, 0x00000000c4300000, 0x00000000eab00000)
  object space 68608K, 57% used [0x00000000c0000000,0x00000000c266dc78,0x00000000c4300000)
 Metaspace       used 59341K, committed 60160K, reserved 1105920K
  class space    used 7282K, committed 7616K, reserved 1048576K
}
Event: 52.304 GC heap after
{Heap after GC invocations=27 (full 3):
 PSYoungGen      total 19456K, used 1024K [0x00000000eab00000, 0x00000000ec300000, 0x0000000100000000)
  eden space 18432K, 0% used [0x00000000eab00000,0x00000000eab00000,0x00000000ebd00000)
  from space 1024K, 100% used [0x00000000ebf80000,0x00000000ec080000,0x00000000ec080000)
  to   space 2560K, 0% used [0x00000000ebd00000,0x00000000ebd00000,0x00000000ebf80000)
 ParOldGen       total 68608K, used 40239K [0x00000000c0000000, 0x00000000c4300000, 0x00000000eab00000)
  object space 68608K, 58% used [0x00000000c0000000,0x00000000c274bc98,0x00000000c4300000)
 Metaspace       used 59341K, committed 60160K, reserved 1105920K
  class space    used 7282K, committed 7616K, reserved 1048576K
}
Event: 52.779 GC heap before
{Heap before GC invocations=28 (full 3):
 PSYoungGen      total 19456K, used 19456K [0x00000000eab00000, 0x00000000ec300000, 0x0000000100000000)
  eden space 18432K, 100% used [0x00000000eab00000,0x00000000ebd00000,0x00000000ebd00000)
  from space 1024K, 100% used [0x00000000ebf80000,0x00000000ec080000,0x00000000ec080000)
  to   space 2560K, 0% used [0x00000000ebd00000,0x00000000ebd00000,0x00000000ebf80000)
 ParOldGen       total 68608K, used 40239K [0x00000000c0000000, 0x00000000c4300000, 0x00000000eab00000)
  object space 68608K, 58% used [0x00000000c0000000,0x00000000c274bc98,0x00000000c4300000)
 Metaspace       used 59401K, committed 60224K, reserved 1105920K
  class space    used 7282K, committed 7616K, reserved 1048576K
}
Event: 52.782 GC heap after
{Heap after GC invocations=28 (full 3):
 PSYoungGen      total 20480K, used 1792K [0x00000000eab00000, 0x00000000ec100000, 0x0000000100000000)
  eden space 18432K, 0% used [0x00000000eab00000,0x00000000eab00000,0x00000000ebd00000)
  from space 2048K, 87% used [0x00000000ebd00000,0x00000000ebec0000,0x00000000ebf00000)
  to   space 2048K, 0% used [0x00000000ebf00000,0x00000000ebf00000,0x00000000ec100000)
 ParOldGen       total 68608K, used 41283K [0x00000000c0000000, 0x00000000c4300000, 0x00000000eab00000)
  object space 68608K, 60% used [0x00000000c0000000,0x00000000c2850ca8,0x00000000c4300000)
 Metaspace       used 59401K, committed 60224K, reserved 1105920K
  class space    used 7282K, committed 7616K, reserved 1048576K
}
Event: 52.987 GC heap before
{Heap before GC invocations=29 (full 3):
 PSYoungGen      total 20480K, used 20224K [0x00000000eab00000, 0x00000000ec100000, 0x0000000100000000)
  eden space 18432K, 100% used [0x00000000eab00000,0x00000000ebd00000,0x00000000ebd00000)
  from space 2048K, 87% used [0x00000000ebd00000,0x00000000ebec0000,0x00000000ebf00000)
  to   space 2048K, 0% used [0x00000000ebf00000,0x00000000ebf00000,0x00000000ec100000)
 ParOldGen       total 68608K, used 41283K [0x00000000c0000000, 0x00000000c4300000, 0x00000000eab00000)
  object space 68608K, 60% used [0x00000000c0000000,0x00000000c2850ca8,0x00000000c4300000)
 Metaspace       used 59459K, committed 60352K, reserved 1105920K
  class space    used 7293K, committed 7680K, reserved 1048576K
}
Event: 52.990 GC heap after
{Heap after GC invocations=29 (full 3):
 PSYoungGen      total 17920K, used 2016K [0x00000000eab00000, 0x00000000ec600000, 0x0000000100000000)
  eden space 15872K, 0% used [0x00000000eab00000,0x00000000eab00000,0x00000000eba80000)
  from space 2048K, 98% used [0x00000000ebf00000,0x00000000ec0f8010,0x00000000ec100000)
  to   space 4608K, 0% used [0x00000000eba80000,0x00000000eba80000,0x00000000ebf00000)
 ParOldGen       total 68608K, used 43323K [0x00000000c0000000, 0x00000000c4300000, 0x00000000eab00000)
  object space 68608K, 63% used [0x00000000c0000000,0x00000000c2a4ecb8,0x00000000c4300000)
 Metaspace       used 59459K, committed 60352K, reserved 1105920K
  class space    used 7293K, committed 7680K, reserved 1048576K
}
Event: 53.147 GC heap before
{Heap before GC invocations=30 (full 3):
 PSYoungGen      total 17920K, used 17888K [0x00000000eab00000, 0x00000000ec600000, 0x0000000100000000)
  eden space 15872K, 100% used [0x00000000eab00000,0x00000000eba80000,0x00000000eba80000)
  from space 2048K, 98% used [0x00000000ebf00000,0x00000000ec0f8010,0x00000000ec100000)
  to   space 4608K, 0% used [0x00000000eba80000,0x00000000eba80000,0x00000000ebf00000)
 ParOldGen       total 68608K, used 43323K [0x00000000c0000000, 0x00000000c4300000, 0x00000000eab00000)
  object space 68608K, 63% used [0x00000000c0000000,0x00000000c2a4ecb8,0x00000000c4300000)
 Metaspace       used 59459K, committed 60352K, reserved 1105920K
  class space    used 7293K, committed 7680K, reserved 1048576K
}
Event: 53.153 GC heap after
{Heap after GC invocations=30 (full 3):
 PSYoungGen      total 17920K, used 1824K [0x00000000eab00000, 0x00000000ec080000, 0x0000000100000000)
  eden space 15872K, 0% used [0x00000000eab00000,0x00000000eab00000,0x00000000eba80000)
  from space 2048K, 89% used [0x00000000eba80000,0x00000000ebc48000,0x00000000ebc80000)
  to   space 3072K, 0% used [0x00000000ebd80000,0x00000000ebd80000,0x00000000ec080000)
 ParOldGen       total 68608K, used 45363K [0x00000000c0000000, 0x00000000c4300000, 0x00000000eab00000)
  object space 68608K, 66% used [0x00000000c0000000,0x00000000c2c4cf18,0x00000000c4300000)
 Metaspace       used 59459K, committed 60352K, reserved 1105920K
  class space    used 7293K, committed 7680K, reserved 1048576K
}
Event: 53.196 GC heap before
{Heap before GC invocations=31 (full 3):
 PSYoungGen      total 17920K, used 17696K [0x00000000eab00000, 0x00000000ec080000, 0x0000000100000000)
  eden space 15872K, 100% used [0x00000000eab00000,0x00000000eba80000,0x00000000eba80000)
  from space 2048K, 89% used [0x00000000eba80000,0x00000000ebc48000,0x00000000ebc80000)
  to   space 3072K, 0% used [0x00000000ebd80000,0x00000000ebd80000,0x00000000ec080000)
 ParOldGen       total 68608K, used 45363K [0x00000000c0000000, 0x00000000c4300000, 0x00000000eab00000)
  object space 68608K, 66% used [0x00000000c0000000,0x00000000c2c4cf18,0x00000000c4300000)
 Metaspace       used 59459K, committed 60352K, reserved 1105920K
  class space    used 7293K, committed 7680K, reserved 1048576K
}
Event: 53.199 GC heap after
{Heap after GC invocations=31 (full 3):
 PSYoungGen      total 18432K, used 2080K [0x00000000eab00000, 0x00000000ec000000, 0x0000000100000000)
  eden space 15872K, 0% used [0x00000000eab00000,0x00000000eab00000,0x00000000eba80000)
  from space 2560K, 81% used [0x00000000ebd80000,0x00000000ebf88010,0x00000000ec000000)
  to   space 2560K, 0% used [0x00000000ebb00000,0x00000000ebb00000,0x00000000ebd80000)
 ParOldGen       total 68608K, used 47091K [0x00000000c0000000, 0x00000000c4300000, 0x00000000eab00000)
  object space 68608K, 68% used [0x00000000c0000000,0x00000000c2dfcf18,0x00000000c4300000)
 Metaspace       used 59459K, committed 60352K, reserved 1105920K
  class space    used 7293K, committed 7680K, reserved 1048576K
}
Event: 53.256 GC heap before
{Heap before GC invocations=32 (full 3):
 PSYoungGen      total 18432K, used 17952K [0x00000000eab00000, 0x00000000ec000000, 0x0000000100000000)
  eden space 15872K, 100% used [0x00000000eab00000,0x00000000eba80000,0x00000000eba80000)
  from space 2560K, 81% used [0x00000000ebd80000,0x00000000ebf88010,0x00000000ec000000)
  to   space 2560K, 0% used [0x00000000ebb00000,0x00000000ebb00000,0x00000000ebd80000)
 ParOldGen       total 68608K, used 47091K [0x00000000c0000000, 0x00000000c4300000, 0x00000000eab00000)
  object space 68608K, 68% used [0x00000000c0000000,0x00000000c2dfcf18,0x00000000c4300000)
 Metaspace       used 59463K, committed 60352K, reserved 1105920K
  class space    used 7293K, committed 7680K, reserved 1048576K
}
Event: 53.260 GC heap after
{Heap after GC invocations=32 (full 3):
 PSYoungGen      total 17920K, used 1600K [0x00000000eab00000, 0x00000000ebe80000, 0x0000000100000000)
  eden space 15872K, 0% used [0x00000000eab00000,0x00000000eab00000,0x00000000eba80000)
  from space 2048K, 78% used [0x00000000ebb00000,0x00000000ebc90000,0x00000000ebd00000)
  to   space 1536K, 0% used [0x00000000ebd00000,0x00000000ebd00000,0x00000000ebe80000)
 ParOldGen       total 68608K, used 49075K [0x00000000c0000000, 0x00000000c4300000, 0x00000000eab00000)
  object space 68608K, 71% used [0x00000000c0000000,0x00000000c2fecf28,0x00000000c4300000)
 Metaspace       used 59463K, committed 60352K, reserved 1105920K
  class space    used 7293K, committed 7680K, reserved 1048576K
}
Event: 57.276 GC heap before
{Heap before GC invocations=33 (full 3):
 PSYoungGen      total 17920K, used 17472K [0x00000000eab00000, 0x00000000ebe80000, 0x0000000100000000)
  eden space 15872K, 100% used [0x00000000eab00000,0x00000000eba80000,0x00000000eba80000)
  from space 2048K, 78% used [0x00000000ebb00000,0x00000000ebc90000,0x00000000ebd00000)
  to   space 1536K, 0% used [0x00000000ebd00000,0x00000000ebd00000,0x00000000ebe80000)
 ParOldGen       total 68608K, used 49075K [0x00000000c0000000, 0x00000000c4300000, 0x00000000eab00000)
  object space 68608K, 71% used [0x00000000c0000000,0x00000000c2fecf28,0x00000000c4300000)
 Metaspace       used 59513K, committed 60352K, reserved 1105920K
  class space    used 7295K, committed 7680K, reserved 1048576K
}
Event: 57.279 GC heap after
{Heap after GC invocations=33 (full 3):
 PSYoungGen      total 16384K, used 416K [0x00000000eab00000, 0x00000000ebd80000, 0x0000000100000000)
  eden space 15872K, 0% used [0x00000000eab00000,0x00000000eab00000,0x00000000eba80000)
  from space 512K, 81% used [0x00000000ebd00000,0x00000000ebd68000,0x00000000ebd80000)
  to   space 1024K, 0% used [0x00000000ebb80000,0x00000000ebb80000,0x00000000ebc80000)
 ParOldGen       total 68608K, used 50568K [0x00000000c0000000, 0x00000000c4300000, 0x00000000eab00000)
  object space 68608K, 73% used [0x00000000c0000000,0x00000000c3162280,0x00000000c4300000)
 Metaspace       used 59513K, committed 60352K, reserved 1105920K
  class space    used 7295K, committed 7680K, reserved 1048576K
}
Event: 61.597 GC heap before
{Heap before GC invocations=34 (full 3):
 PSYoungGen      total 16384K, used 16288K [0x00000000eab00000, 0x00000000ebd80000, 0x0000000100000000)
  eden space 15872K, 100% used [0x00000000eab00000,0x00000000eba80000,0x00000000eba80000)
  from space 512K, 81% used [0x00000000ebd00000,0x00000000ebd68000,0x00000000ebd80000)
  to   space 1024K, 0% used [0x00000000ebb80000,0x00000000ebb80000,0x00000000ebc80000)
 ParOldGen       total 68608K, used 50568K [0x00000000c0000000, 0x00000000c4300000, 0x00000000eab00000)
  object space 68608K, 73% used [0x00000000c0000000,0x00000000c3162280,0x00000000c4300000)
 Metaspace       used 59545K, committed 60352K, reserved 1105920K
  class space    used 7297K, committed 7680K, reserved 1048576K
}
Event: 61.598 GC heap after
{Heap after GC invocations=34 (full 3):
 PSYoungGen      total 16896K, used 320K [0x00000000eab00000, 0x00000000ebd80000, 0x0000000100000000)
  eden space 15872K, 0% used [0x00000000eab00000,0x00000000eab00000,0x00000000eba80000)
  from space 1024K, 31% used [0x00000000ebb80000,0x00000000ebbd0000,0x00000000ebc80000)
  to   space 512K, 0% used [0x00000000ebd00000,0x00000000ebd00000,0x00000000ebd80000)
 ParOldGen       total 68608K, used 50856K [0x00000000c0000000, 0x00000000c4300000, 0x00000000eab00000)
  object space 68608K, 74% used [0x00000000c0000000,0x00000000c31aa280,0x00000000c4300000)
 Metaspace       used 59545K, committed 60352K, reserved 1105920K
  class space    used 7297K, committed 7680K, reserved 1048576K
}

